<?xml version="1.0" encoding="UTF-8"?>
<!-- Generated by org.testng.reporters.JUnitReportReporter -->
<testsuite hostname="LIN-PF2W9WZZ" failures="0" tests="1" name="testCases.Tc_002_LoginTest" time="1.412" errors="0" timestamp="2024-07-02T11:54:25 IST" skipped="0">
  <testcase classname="testCases.Tc_002_LoginTest" name="verifyLogin" time="1.412"/>
</testsuite> <!-- testCases.Tc_002_LoginTest -->
