<?xml version="1.0" encoding="UTF-8"?>
<!-- Generated by org.testng.reporters.JUnitReportReporter -->
<testsuite hostname="LIN-PF2W9WZZ" failures="0" tests="1" name="testCases.TC_001_AccountRegistrationTest" time="1.580" errors="0" timestamp="2024-07-02T11:54:25 IST" skipped="0">
  <testcase classname="testCases.TC_001_AccountRegistrationTest" name="verify_account_registration" time="1.580"/>
</testsuite> <!-- testCases.TC_001_AccountRegistrationTest -->
